<?xml version="1.0" encoding="UTF-8"?>
<!-- Generated by org.testng.reporters.JUnitReportReporter -->
<testsuite skipped="0" hostname="Nehas-MacBook-Air.local" name="com.cnhi.tests.AppointmentTest$Demotest" tests="1" failures="0" timestamp="05 Apr 2022 14:38:41 GMT" time="354.258" errors="0">
  <testcase name="BreakdownCreationJobcardDetailsTest" time="354.258" classname="com.cnhi.tests.AppointmentTest$Demotest"/>
</testsuite> <!-- com.cnhi.tests.AppointmentTest$Demotest -->
